Performing C SOURCE FILE Test CMAKE_HAVE_LIBC_PTHREAD failed with the following output:
Change Dir: /home/vikas/Intent_recognize/build/CMakeFiles/CMakeTmp

Run Build Command(s):/usr/bin/make cmTC_13fa6/fast && /usr/bin/make  -f CMakeFiles/cmTC_13fa6.dir/build.make CMakeFiles/cmTC_13fa6.dir/build
make[1]: Entering directory '/home/vikas/Intent_recognize/build/CMakeFiles/CMakeTmp'
Building C object CMakeFiles/cmTC_13fa6.dir/src.c.o
/usr/bin/cc   -DCMAKE_HAVE_LIBC_PTHREAD -o CMakeFiles/cmTC_13fa6.dir/src.c.o -c /home/vikas/Intent_recognize/build/CMakeFiles/CMakeTmp/src.c
Linking C executable cmTC_13fa6
/usr/bin/cmake -E cmake_link_script CMakeFiles/cmTC_13fa6.dir/link.txt --verbose=1
/usr/bin/cc  -DCMAKE_HAVE_LIBC_PTHREAD -rdynamic CMakeFiles/cmTC_13fa6.dir/src.c.o -o cmTC_13fa6 
/usr/bin/ld: CMakeFiles/cmTC_13fa6.dir/src.c.o: in function `main':
src.c:(.text+0x46): undefined reference to `pthread_create'
/usr/bin/ld: src.c:(.text+0x52): undefined reference to `pthread_detach'
/usr/bin/ld: src.c:(.text+0x5e): undefined reference to `pthread_cancel'
/usr/bin/ld: src.c:(.text+0x6f): undefined reference to `pthread_join'
collect2: error: ld returned 1 exit status
make[1]: *** [CMakeFiles/cmTC_13fa6.dir/build.make:106: cmTC_13fa6] Error 1
make[1]: Leaving directory '/home/vikas/Intent_recognize/build/CMakeFiles/CMakeTmp'
make: *** [Makefile:140: cmTC_13fa6/fast] Error 2


Source file was:
#include <pthread.h>

void* test_func(void* data)
{
  return data;
}

int main(void)
{
  pthread_t thread;
  pthread_create(&thread, NULL, test_func, NULL);
  pthread_detach(thread);
  pthread_cancel(thread);
  pthread_join(thread, NULL);
  pthread_atfork(NULL, NULL, NULL);
  pthread_exit(NULL);

  return 0;
}

Determining if the function pthread_create exists in the pthreads failed with the following output:
Change Dir: /home/vikas/Intent_recognize/build/CMakeFiles/CMakeTmp

Run Build Command(s):/usr/bin/make cmTC_18f6d/fast && /usr/bin/make  -f CMakeFiles/cmTC_18f6d.dir/build.make CMakeFiles/cmTC_18f6d.dir/build
make[1]: Entering directory '/home/vikas/Intent_recognize/build/CMakeFiles/CMakeTmp'
Building C object CMakeFiles/cmTC_18f6d.dir/CheckFunctionExists.c.o
/usr/bin/cc   -DCHECK_FUNCTION_EXISTS=pthread_create -o CMakeFiles/cmTC_18f6d.dir/CheckFunctionExists.c.o -c /usr/share/cmake-3.18/Modules/CheckFunctionExists.c
Linking C executable cmTC_18f6d
/usr/bin/cmake -E cmake_link_script CMakeFiles/cmTC_18f6d.dir/link.txt --verbose=1
/usr/bin/cc  -DCHECK_FUNCTION_EXISTS=pthread_create -rdynamic CMakeFiles/cmTC_18f6d.dir/CheckFunctionExists.c.o -o cmTC_18f6d  -lpthreads 
/usr/bin/ld: cannot find -lpthreads
collect2: error: ld returned 1 exit status
make[1]: *** [CMakeFiles/cmTC_18f6d.dir/build.make:106: cmTC_18f6d] Error 1
make[1]: Leaving directory '/home/vikas/Intent_recognize/build/CMakeFiles/CMakeTmp'
make: *** [Makefile:140: cmTC_18f6d/fast] Error 2



